<?xml version="1.0" encoding="UTF-8"?>
<!-- Generated by org.testng.reporters.JUnitReportReporter -->
<testsuite skipped="0" hostname="DESKTOP-63NVIE5" name="testngg.Priority" tests="3" failures="0" timestamp="09 Jul 2021 15:30:50 GMT" time="0.036" errors="0">
  <testcase name="second" time="0.023" classname="testngg.Priority"/>
  <testcase name="first" time="0.010" classname="testngg.Priority"/>
  <testcase name="third" time="0.003" classname="testngg.Priority"/>
</testsuite> <!-- testngg.Priority -->
