<?xml version="1.0" encoding="UTF-8"?>
<!-- Generated by org.testng.reporters.JUnitReportReporter -->
<testsuite skipped="0" hostname="DESKTOP-63NVIE5" name="testngg.Dependencies" tests="3" failures="0" timestamp="09 Jul 2021 17:07:17 GMT" time="0.039" errors="0">
  <testcase name="first" time="0.030" classname="testngg.Dependencies"/>
  <testcase name="third" time="0.007" classname="testngg.Dependencies"/>
  <testcase name="second" time="0.002" classname="testngg.Dependencies"/>
</testsuite> <!-- testngg.Dependencies -->
