<?xml version="1.0" encoding="UTF-8"?>
<!-- Generated by org.testng.reporters.JUnitReportReporter -->
<testsuite skipped="1" hostname="DESKTOP-63NVIE5" name="testngg.Skip" tests="3" failures="0" timestamp="09 Jul 2021 16:43:27 GMT" time="0.036" errors="0">
  <testcase name="first" time="0.032" classname="testngg.Skip"/>
  <testcase name="third" time="0.004" classname="testngg.Skip"/>
  <testcase name="second" classname="testngg.Skip">
    <skipped/>
  </testcase> <!-- second -->
</testsuite> <!-- testngg.Skip -->
